<?xml version="1.0" encoding="UTF-8"?>
<!-- Generated by org.testng.reporters.JUnitXMLReporter -->
<testsuite hostname="MTVL1538c7aee.local" ignored="0" name="All" tests="16" failures="0" timestamp="27 Aug 2017 18:03:58 GMT" time="3.252" errors="0">
  <testcase name="headAssets" time="1.833" classname="com.webdam.interview.sample.AssetsTest"/>
  <testcase name="headAssetsById" time="1.833" classname="com.webdam.interview.sample.AssetsTest"/>
  <testcase name="getAssetsById" time="1.833" classname="com.webdam.interview.sample.AssetsTest"/>
  <testcase name="getAssets" time="1.833" classname="com.webdam.interview.sample.AssetsTest"/>
  <testcase name="headLogin" time="0.325" classname="com.webdam.interview.sample.LoginUserTest"/>
  <testcase name="verifyGetLoginResponseCodeWithInValidAccessToken" time="0.417" classname="com.webdam.interview.sample.LoginUserTest"/>
  <testcase name="getSearch" time="2.257" classname="com.webdam.interview.sample.AssetsTest"/>
  <testcase name="headSearch" time="0.471" classname="com.webdam.interview.sample.AssetsTest"/>
  <testcase name="verifyGetLoginResponseCodeWithValidAccessToken" time="0.319" classname="com.webdam.interview.sample.LoginUserTest"/>
  <testcase name="verifyHeadLoginResponseCodeWithInValidAccessToken" time="0.34" classname="com.webdam.interview.sample.LoginUserTest"/>
  <testcase name="verifyHeadLoginResponseCodeWithValidAccessToken" time="0.378" classname="com.webdam.interview.sample.LoginUserTest"/>
  <testcase name="getLogout" time="0.356" classname="com.webdam.interview.sample.LogoutUserTest"/>
  <testcase name="verifyGetLoginResponseBodyWithInValidAccessToken" time="0.83" classname="com.webdam.interview.sample.LoginUserTest"/>
  <testcase name="headLogout" time="0.325" classname="com.webdam.interview.sample.LogoutUserTest"/>
  <testcase name="getSearchWithQuery" time="0.357" classname="com.webdam.interview.sample.SearchTest"/>
  <testcase name="getSearch" time="0.634" classname="com.webdam.interview.sample.SearchTest"/>
</testsuite> <!-- All -->
